<?xml version="1.0" encoding="UTF-8"?>
<!-- Generated by org.testng.reporters.JUnitXMLReporter -->
<testsuite ignored="0" hostname="DESKTOP-LFKC8FK" failures="0" tests="4" name="Surefire test" time="0.113" errors="0" timestamp="2024-10-03T14:39:42 MSK">
  <testcase classname="ru.mai.lessons.rpks.impl.FileReaderTest" name="testNegativeLoadConfig" time="0.005"/>
  <testcase classname="ru.mai.lessons.rpks.impl.FileReaderTest" name="testNegativeLoadConfig" time="0.005"/>
  <testcase classname="ru.mai.lessons.rpks.impl.FileReaderTest" name="testPositiveLoadContent" time="0.015"/>
  <testcase classname="ru.mai.lessons.rpks.impl.FileReaderTest" name="testPositiveLoadContent" time="0.015"/>
</testsuite> <!-- Surefire test -->
