<?xml version="1.0" encoding="UTF-8"?>
<testsuite xmlns:xsi="http://www.w3.org/2001/XMLSchema-instance" xsi:noNamespaceSchemaLocation="https://maven.apache.org/surefire/maven-surefire-plugin/xsd/surefire-test-report-3.0.xsd" version="3.0" name="ru.mai.lessons.rpks.impl.FileReaderTest" time="0.79" tests="4" errors="0" skipped="0" failures="0">
  <properties>
[...]
</properties>
  <testcase name="testNegativeLoadConfig[null](2)" classname="ru.mai.lessons.rpks.impl.FileReaderTest" time="0.007"/>
  <testcase name="testNegativeLoadConfig[](2)" classname="ru.mai.lessons.rpks.impl.FileReaderTest" time="0.008"/>
  <testcase name="testPositiveLoadContent[single_line.txt, [Hello World!]](2)" classname="ru.mai.lessons.rpks.impl.FileReaderTest" time="0.021">
    <system-out><![CDATA[[Hello World!]
[Hello, World!]
]]></system-out>
  </testcase>
  <testcase name="testPositiveLoadContent[multiple_lines.txt, [Hello, World!]](2)" classname="ru.mai.lessons.rpks.impl.FileReaderTest" time="0.021"/>
</testsuite>