<?xml version="1.0" encoding="UTF-8"?>
<testsuite xmlns:xsi="http://www.w3.org/2001/XMLSchema-instance" xsi:noNamespaceSchemaLocation="https://maven.apache.org/surefire/maven-surefire-plugin/xsd/surefire-test-report-3.0.xsd" version="3.0" name="TestSuite" time="0.342" tests="17" errors="0" skipped="0" failures="0">
  <properties>
[...]
</properties>
  <testcase name="testNegativeCheckAllBracketsRules[[[some(one{1!|value|2?}jar))none]], [ErrorLocationPoint{lineNumber=1, symbolNumber=27}]](2)" classname="ru.mai.lessons.rpks.impl.BracketsDetectorTest" time="0.064">
    <system-out><![CDATA[Configuring TestNG with: TestNG740Configurator
[ErrorLocationPoint{lineNumber=1, symbolNumber=27}]
[ErrorLocationPoint{lineNumber=1, symbolNumber=27}]
[ErrorLocationPoint{lineNumber=1, symbolNumber=27}, ErrorLocationPoint{lineNumber=2, symbolNumber=1}, ErrorLocationPoint{lineNumber=3, symbolNumber=14}, ErrorLocationPoint{lineNumber=4, symbolNumber=5}, ErrorLocationPoint{lineNumber=5, symbolNumber=6}, ErrorLocationPoint{lineNumber=7, symbolNumber=9}, ErrorLocationPoint{lineNumber=8, symbolNumber=8}, ErrorLocationPoint{lineNumber=9, symbolNumber=13}, ErrorLocationPoint{lineNumber=10, symbolNumber=12}]
[ErrorLocationPoint{lineNumber=1, symbolNumber=27}, ErrorLocationPoint{lineNumber=2, symbolNumber=1}, ErrorLocationPoint{lineNumber=3, symbolNumber=14}, ErrorLocationPoint{lineNumber=4, symbolNumber=5}, ErrorLocationPoint{lineNumber=5, symbolNumber=6}, ErrorLocationPoint{lineNumber=7, symbolNumber=9}, ErrorLocationPoint{lineNumber=8, symbolNumber=8}, ErrorLocationPoint{lineNumber=9, symbolNumber=13}, ErrorLocationPoint{lineNumber=10, symbolNumber=12}]
]]></system-out>
  </testcase>
  <testcase name="testNegativeCheckAllBracketsRules[[[some(one{1!|value|2?}jar))none], |abc(d)[e]f{g}, abc(d)[e]f{g}|, |abc(d[e]f{g}|, |abcd)[e]f{g}|, |abc(d)[e]f{g}|, |abc(d)e]f{g}|, |abc(d)[ef{g}|, |abc(d)[e]fg}|, |abc(d)[e]f{g|], [ErrorLocationPoint{lineNumber=1, symbolNumber=27}, ErrorLocationPoint{lineNumber=2, symbolNumber=1}, ErrorLocationPoint{lineNumber=3, symbolNumber=14}, ErrorLocationPoint{lineNumber=4, symbolNumber=5}, ErrorLocationPoint{lineNumber=5, symbolNumber=6}, ErrorLocationPoint{lineNumber=7, symbolNumber=9}, ErrorLocationPoint{lineNumber=8, symbolNumber=8}, ErrorLocationPoint{lineNumber=9, symbolNumber=13}, ErrorLocationPoint{lineNumber=10, symbolNumber=12}]](2)" classname="ru.mai.lessons.rpks.impl.BracketsDetectorTest" time="0.066"/>
  <testcase name="testNegativeCheckMagicBracketsRules" classname="ru.mai.lessons.rpks.impl.BracketsDetectorTest" time="0.0"/>
  <testcase name="testPositiveCheckAllBracketsRules" classname="ru.mai.lessons.rpks.impl.BracketsDetectorTest" time="0.0"/>
  <testcase name="testPositiveCheckMagicBracketsRules" classname="ru.mai.lessons.rpks.impl.BracketsDetectorTest" time="0.0"/>
  <testcase name="testPositiveCheckSomeBracketsRules[{&#10;  &quot;bracket&quot;: [&#10;    {&#10;      &quot;left&quot;: &quot;[&quot;,&#10;      &quot;right&quot;: &quot;]&quot;&#10;    },&#10;    {&#10;      &quot;left&quot;: &quot;{&quot;,&#10;      &quot;right&quot;: &quot;}&quot;&#10;    },&#10;    {&#10;      &quot;left&quot;: &quot;|&quot;,&#10;      &quot;right&quot;: &quot;|&quot;&#10;    }&#10;  ]&#10;}&#10;, [[some(one{1!|value|2?}jar))none]]](1)" classname="ru.mai.lessons.rpks.impl.BracketsDetectorTest" time="0.001"/>
  <testcase name="testPositiveCheckSomeBracketsRules[{&#10;  &quot;bracket&quot;: [&#10;    {&#10;      &quot;left&quot;: &quot;[&quot;,&#10;      &quot;right&quot;: &quot;]&quot;&#10;    }&#10;  ]&#10;}&#10;, [[some(exe{1!|value|2?}jar)none], {| [[ (( |{ }| )) ]] |}, , [(|}], a[b-b]c, ab-b)c, a{b-bc, []}{|)(, {&#10;  &quot;bracket&quot;: [&#10;    {&#10;      &quot;left&quot;: &quot;[&quot;,&#10;      &quot;right&quot;: &quot;]&quot;&#10;    },&#10;    {&#10;      &quot;left&quot;: &quot;{&quot;,&#10;      &quot;right&quot;: &quot;}&quot;&#10;    },&#10;    {&#10;      &quot;left&quot;: &quot;(&quot;,&#10;      &quot;right&quot;: &quot;)&quot;&#10;    },&#10;    {&#10;      &quot;left&quot;: &quot;|&quot;,&#10;      &quot;right&quot;: &quot;|&quot;&#10;    }&#10;  ]&#10;}&#10;]](3)" classname="ru.mai.lessons.rpks.impl.BracketsDetectorTest" time="0.001"/>
  <testcase name="testPositiveCheckSomeBracketsRules[{&#10;  &quot;bracket&quot;: [&#10;    {&#10;      &quot;left&quot;: &quot;(&quot;,&#10;      &quot;right&quot;: &quot;)&quot;&#10;    }&#10;  ]&#10;}&#10;, [[some(exe{1!|value|2?}jar)none], {| [[ (( |{ }| )) ]] |}, , ([|}), a(b-b)c, ab-b]c, a{b-bc, ()}{|][, {&#10;  &quot;bracket&quot;: [&#10;    {&#10;      &quot;left&quot;: &quot;[&quot;,&#10;      &quot;right&quot;: &quot;]&quot;&#10;    },&#10;    {&#10;      &quot;left&quot;: &quot;{&quot;,&#10;      &quot;right&quot;: &quot;}&quot;&#10;    },&#10;    {&#10;      &quot;left&quot;: &quot;(&quot;,&#10;      &quot;right&quot;: &quot;)&quot;&#10;    },&#10;    {&#10;      &quot;left&quot;: &quot;|&quot;,&#10;      &quot;right&quot;: &quot;|&quot;&#10;    }&#10;  ]&#10;}&#10;]](4)" classname="ru.mai.lessons.rpks.impl.BracketsDetectorTest" time="0.002"/>
  <testcase name="testPositiveCheckSomeBracketsRules[{&#10;  &quot;bracket&quot;: [&#10;    {&#10;      &quot;left&quot;: &quot;{&quot;,&#10;      &quot;right&quot;: &quot;}&quot;&#10;    }&#10;  ]&#10;}&#10;, [[some(exe{1!|value|2?}jar)none], {| [[ (( |{ }| )) ]] |}, , {[|)}, a{b-b}c, ab-b]c, a(b-bc, {})(|][, {&#10;  &quot;bracket&quot;: [&#10;    {&#10;      &quot;left&quot;: &quot;[&quot;,&#10;      &quot;right&quot;: &quot;]&quot;&#10;    },&#10;    {&#10;      &quot;left&quot;: &quot;{&quot;,&#10;      &quot;right&quot;: &quot;}&quot;&#10;    },&#10;    {&#10;      &quot;left&quot;: &quot;(&quot;,&#10;      &quot;right&quot;: &quot;)&quot;&#10;    },&#10;    {&#10;      &quot;left&quot;: &quot;|&quot;,&#10;      &quot;right&quot;: &quot;|&quot;&#10;    }&#10;  ]&#10;}&#10;]](5)" classname="ru.mai.lessons.rpks.impl.BracketsDetectorTest" time="0.002"/>
  <testcase name="testPositiveCheckSomeBracketsRules[{&#10;  &quot;bracket&quot;: [&#10;    {&#10;      &quot;left&quot;: &quot;|&quot;,&#10;      &quot;right&quot;: &quot;|&quot;&#10;    }&#10;  ]&#10;}&#10;, [[some(exe{1!|value|2?}jar)none], {| [[ (( |{ }| )) ]] |}, , |[})|, a|b-b|c, ab-b]c, a(b-bc, ||)(}{][, {&#10;  &quot;bracket&quot;: [&#10;    {&#10;      &quot;left&quot;: &quot;[&quot;,&#10;      &quot;right&quot;: &quot;]&quot;&#10;    },&#10;    {&#10;      &quot;left&quot;: &quot;{&quot;,&#10;      &quot;right&quot;: &quot;}&quot;&#10;    },&#10;    {&#10;      &quot;left&quot;: &quot;(&quot;,&#10;      &quot;right&quot;: &quot;)&quot;&#10;    },&#10;    {&#10;      &quot;left&quot;: &quot;|&quot;,&#10;      &quot;right&quot;: &quot;|&quot;&#10;    }&#10;  ]&#10;}&#10;]](5)" classname="ru.mai.lessons.rpks.impl.BracketsDetectorTest" time="0.002"/>
  <testcase name="testNegativeLoadConfig[](2)" classname="ru.mai.lessons.rpks.impl.FileReaderTest" time="0.001"/>
  <testcase name="testNegativeLoadConfig[null](2)" classname="ru.mai.lessons.rpks.impl.FileReaderTest" time="0.001"/>
  <testcase name="testPositiveLoadContent[multiple_lines.txt, [Hello, World!]](2)" classname="ru.mai.lessons.rpks.impl.FileReaderTest" time="0.003"/>
  <testcase name="testPositiveLoadContent[single_line.txt, [Hello World!]](2)" classname="ru.mai.lessons.rpks.impl.FileReaderTest" time="0.004"/>
  <testcase name="testNegativeLoadConfig[null](2)" classname="ru.mai.lessons.rpks.impl.ConfigReaderTest" time="0.001"/>
  <testcase name="testNegativeLoadConfig[](2)" classname="ru.mai.lessons.rpks.impl.ConfigReaderTest" time="0.001"/>
  <testcase name="testPositiveLoadConfig" classname="ru.mai.lessons.rpks.impl.ConfigReaderTest" time="0.001"/>
</testsuite>