<?xml version="1.0" encoding="UTF-8"?>
<testsuite xmlns:xsi="http://www.w3.org/2001/XMLSchema-instance" xsi:noNamespaceSchemaLocation="https://maven.apache.org/surefire/maven-surefire-plugin/xsd/surefire-test-report-3.0.xsd" version="3.0" name="TestSuite" time="1.904" tests="17" errors="0" skipped="0" failures="15">
  <properties>
[...]
</properties>
  <testcase name="testNegativeCheckAllBracketsRules[[[some(one{1!|value|2?}jar))none], |abc(d)[e]f{g}, abc(d)[e]f{g}|, |abc(d[e]f{g}|, |abcd)[e]f{g}|, |abc(d)[e]f{g}|, |abc(d)e]f{g}|, |abc(d)[ef{g}|, |abc(d)[e]fg}|, |abc(d)[e]f{g|], [ErrorLocationPoint{lineNumber=1, symbolNumber=27}, ErrorLocationPoint{lineNumber=2, symbolNumber=1}, ErrorLocationPoint{lineNumber=3, symbolNumber=14}, ErrorLocationPoint{lineNumber=4, symbolNumber=5}, ErrorLocationPoint{lineNumber=5, symbolNumber=6}, ErrorLocationPoint{lineNumber=7, symbolNumber=9}, ErrorLocationPoint{lineNumber=8, symbolNumber=8}, ErrorLocationPoint{lineNumber=9, symbolNumber=13}, ErrorLocationPoint{lineNumber=10, symbolNumber=12}]](2)" classname="ru.mai.lessons.rpks.impl.BracketsDetectorTest" time="0.158">
    <failure message="expected object to not be null" type="java.lang.AssertionError"><![CDATA[java.lang.AssertionError: expected object to not be null
	at org.testng.Assert.fail(Assert.java:111)
	at org.testng.Assert.assertNotNull(Assert.java:1484)
	at org.testng.Assert.assertNotNull(Assert.java:1468)
	at ru.mai.lessons.rpks.impl.BracketsDetectorTest.testNegativeCheckAllBracketsRules(BracketsDetectorTest.java:245)
	at java.base/jdk.internal.reflect.DirectMethodHandleAccessor.invoke(DirectMethodHandleAccessor.java:103)
	at java.base/java.lang.reflect.Method.invoke(Method.java:580)
	at org.testng.internal.invokers.MethodInvocationHelper.invokeMethod(MethodInvocationHelper.java:139)
	at org.testng.internal.invokers.TestInvoker.invokeMethod(TestInvoker.java:664)
	at org.testng.internal.invokers.TestInvoker.invokeTestMethod(TestInvoker.java:227)
	at org.testng.internal.invokers.TestMethodWithDataProviderMethodWorker.call(TestMethodWithDataProviderMethodWorker.java:80)
	at org.testng.internal.invokers.TestMethodWithDataProviderMethodWorker.call(TestMethodWithDataProviderMethodWorker.java:17)
	at java.base/java.util.concurrent.FutureTask.run(FutureTask.java:317)
	at java.base/java.util.concurrent.Executors$RunnableAdapter.call(Executors.java:572)
	at java.base/java.util.concurrent.FutureTask.run(FutureTask.java:317)
	at java.base/java.util.concurrent.ThreadPoolExecutor.runWorker(ThreadPoolExecutor.java:1144)
	at java.base/java.util.concurrent.ThreadPoolExecutor$Worker.run(ThreadPoolExecutor.java:642)
	at java.base/java.lang.Thread.run(Thread.java:1570)
]]></failure>
  </testcase>
  <testcase name="testNegativeCheckAllBracketsRules[[[some(one{1!|value|2?}jar))none]], [ErrorLocationPoint{lineNumber=1, symbolNumber=27}]](2)" classname="ru.mai.lessons.rpks.impl.BracketsDetectorTest" time="0.159">
    <failure message="expected object to not be null" type="java.lang.AssertionError"><![CDATA[java.lang.AssertionError: expected object to not be null
	at org.testng.Assert.fail(Assert.java:111)
	at org.testng.Assert.assertNotNull(Assert.java:1484)
	at org.testng.Assert.assertNotNull(Assert.java:1468)
	at ru.mai.lessons.rpks.impl.BracketsDetectorTest.testNegativeCheckAllBracketsRules(BracketsDetectorTest.java:245)
	at java.base/jdk.internal.reflect.DirectMethodHandleAccessor.invoke(DirectMethodHandleAccessor.java:103)
	at java.base/java.lang.reflect.Method.invoke(Method.java:580)
	at org.testng.internal.invokers.MethodInvocationHelper.invokeMethod(MethodInvocationHelper.java:139)
	at org.testng.internal.invokers.TestInvoker.invokeMethod(TestInvoker.java:664)
	at org.testng.internal.invokers.TestInvoker.invokeTestMethod(TestInvoker.java:227)
	at org.testng.internal.invokers.TestMethodWithDataProviderMethodWorker.call(TestMethodWithDataProviderMethodWorker.java:80)
	at org.testng.internal.invokers.TestMethodWithDataProviderMethodWorker.call(TestMethodWithDataProviderMethodWorker.java:17)
	at java.base/java.util.concurrent.FutureTask.run(FutureTask.java:317)
	at java.base/java.util.concurrent.Executors$RunnableAdapter.call(Executors.java:572)
	at java.base/java.util.concurrent.FutureTask.run(FutureTask.java:317)
	at java.base/java.util.concurrent.ThreadPoolExecutor.runWorker(ThreadPoolExecutor.java:1144)
	at java.base/java.util.concurrent.ThreadPoolExecutor$Worker.run(ThreadPoolExecutor.java:642)
	at java.base/java.lang.Thread.run(Thread.java:1570)
]]></failure>
  </testcase>
  <testcase name="testNegativeCheckMagicBracketsRules" classname="ru.mai.lessons.rpks.impl.BracketsDetectorTest" time="0.0">
    <failure message="expected object to not be null" type="java.lang.AssertionError"><![CDATA[java.lang.AssertionError: expected object to not be null
	at org.testng.Assert.fail(Assert.java:111)
	at org.testng.Assert.assertNotNull(Assert.java:1484)
	at org.testng.Assert.assertNotNull(Assert.java:1468)
	at ru.mai.lessons.rpks.impl.BracketsDetectorTest.testNegativeCheckMagicBracketsRules(BracketsDetectorTest.java:278)
	at java.base/jdk.internal.reflect.DirectMethodHandleAccessor.invoke(DirectMethodHandleAccessor.java:103)
	at java.base/java.lang.reflect.Method.invoke(Method.java:580)
	at org.testng.internal.invokers.MethodInvocationHelper.invokeMethod(MethodInvocationHelper.java:139)
	at org.testng.internal.invokers.TestInvoker.invokeMethod(TestInvoker.java:664)
	at org.testng.internal.invokers.TestInvoker.invokeTestMethod(TestInvoker.java:227)
	at org.testng.internal.invokers.MethodRunner.runInSequence(MethodRunner.java:50)
	at org.testng.internal.invokers.TestInvoker$MethodInvocationAgent.invoke(TestInvoker.java:957)
	at org.testng.internal.invokers.TestInvoker.invokeTestMethods(TestInvoker.java:200)
	at org.testng.internal.invokers.TestMethodWorker.invokeTestMethods(TestMethodWorker.java:148)
	at org.testng.internal.invokers.TestMethodWorker.run(TestMethodWorker.java:128)
	at java.base/java.util.ArrayList.forEach(ArrayList.java:1597)
	at org.testng.TestRunner.privateRun(TestRunner.java:848)
	at org.testng.TestRunner.run(TestRunner.java:621)
	at org.testng.SuiteRunner.runTest(SuiteRunner.java:443)
	at org.testng.SuiteRunner.runSequentially(SuiteRunner.java:437)
	at org.testng.SuiteRunner.privateRun(SuiteRunner.java:397)
	at org.testng.SuiteRunner.run(SuiteRunner.java:336)
	at org.testng.SuiteRunnerWorker.runSuite(SuiteRunnerWorker.java:52)
	at org.testng.SuiteRunnerWorker.run(SuiteRunnerWorker.java:95)
	at org.testng.TestNG.runSuitesSequentially(TestNG.java:1280)
	at org.testng.TestNG.runSuitesLocally(TestNG.java:1200)
	at org.testng.TestNG.runSuites(TestNG.java:1114)
	at org.testng.TestNG.run(TestNG.java:1082)
	at org.apache.maven.surefire.testng.TestNGExecutor.run(TestNGExecutor.java:155)
	at org.apache.maven.surefire.testng.TestNGDirectoryTestSuite.executeMulti(TestNGDirectoryTestSuite.java:169)
	at org.apache.maven.surefire.testng.TestNGDirectoryTestSuite.execute(TestNGDirectoryTestSuite.java:88)
	at org.apache.maven.surefire.testng.TestNGProvider.invoke(TestNGProvider.java:137)
	at org.apache.maven.surefire.booter.ForkedBooter.runSuitesInProcess(ForkedBooter.java:385)
	at org.apache.maven.surefire.booter.ForkedBooter.execute(ForkedBooter.java:162)
	at org.apache.maven.surefire.booter.ForkedBooter.run(ForkedBooter.java:507)
	at org.apache.maven.surefire.booter.ForkedBooter.main(ForkedBooter.java:495)
]]></failure>
  </testcase>
  <testcase name="testPositiveCheckAllBracketsRules" classname="ru.mai.lessons.rpks.impl.BracketsDetectorTest" time="0.0">
    <failure message="expected object to not be null" type="java.lang.AssertionError"><![CDATA[java.lang.AssertionError: expected object to not be null
	at org.testng.Assert.fail(Assert.java:111)
	at org.testng.Assert.assertNotNull(Assert.java:1484)
	at org.testng.Assert.assertNotNull(Assert.java:1468)
	at ru.mai.lessons.rpks.impl.BracketsDetectorTest.testPositiveCheckAllBracketsRules(BracketsDetectorTest.java:79)
	at java.base/jdk.internal.reflect.DirectMethodHandleAccessor.invoke(DirectMethodHandleAccessor.java:103)
	at java.base/java.lang.reflect.Method.invoke(Method.java:580)
	at org.testng.internal.invokers.MethodInvocationHelper.invokeMethod(MethodInvocationHelper.java:139)
	at org.testng.internal.invokers.TestInvoker.invokeMethod(TestInvoker.java:664)
	at org.testng.internal.invokers.TestInvoker.invokeTestMethod(TestInvoker.java:227)
	at org.testng.internal.invokers.MethodRunner.runInSequence(MethodRunner.java:50)
	at org.testng.internal.invokers.TestInvoker$MethodInvocationAgent.invoke(TestInvoker.java:957)
	at org.testng.internal.invokers.TestInvoker.invokeTestMethods(TestInvoker.java:200)
	at org.testng.internal.invokers.TestMethodWorker.invokeTestMethods(TestMethodWorker.java:148)
	at org.testng.internal.invokers.TestMethodWorker.run(TestMethodWorker.java:128)
	at java.base/java.util.ArrayList.forEach(ArrayList.java:1597)
	at org.testng.TestRunner.privateRun(TestRunner.java:848)
	at org.testng.TestRunner.run(TestRunner.java:621)
	at org.testng.SuiteRunner.runTest(SuiteRunner.java:443)
	at org.testng.SuiteRunner.runSequentially(SuiteRunner.java:437)
	at org.testng.SuiteRunner.privateRun(SuiteRunner.java:397)
	at org.testng.SuiteRunner.run(SuiteRunner.java:336)
	at org.testng.SuiteRunnerWorker.runSuite(SuiteRunnerWorker.java:52)
	at org.testng.SuiteRunnerWorker.run(SuiteRunnerWorker.java:95)
	at org.testng.TestNG.runSuitesSequentially(TestNG.java:1280)
	at org.testng.TestNG.runSuitesLocally(TestNG.java:1200)
	at org.testng.TestNG.runSuites(TestNG.java:1114)
	at org.testng.TestNG.run(TestNG.java:1082)
	at org.apache.maven.surefire.testng.TestNGExecutor.run(TestNGExecutor.java:155)
	at org.apache.maven.surefire.testng.TestNGDirectoryTestSuite.executeMulti(TestNGDirectoryTestSuite.java:169)
	at org.apache.maven.surefire.testng.TestNGDirectoryTestSuite.execute(TestNGDirectoryTestSuite.java:88)
	at org.apache.maven.surefire.testng.TestNGProvider.invoke(TestNGProvider.java:137)
	at org.apache.maven.surefire.booter.ForkedBooter.runSuitesInProcess(ForkedBooter.java:385)
	at org.apache.maven.surefire.booter.ForkedBooter.execute(ForkedBooter.java:162)
	at org.apache.maven.surefire.booter.ForkedBooter.run(ForkedBooter.java:507)
	at org.apache.maven.surefire.booter.ForkedBooter.main(ForkedBooter.java:495)
]]></failure>
  </testcase>
  <testcase name="testPositiveCheckMagicBracketsRules" classname="ru.mai.lessons.rpks.impl.BracketsDetectorTest" time="0.0">
    <failure message="expected object to not be null" type="java.lang.AssertionError"><![CDATA[java.lang.AssertionError: expected object to not be null
	at org.testng.Assert.fail(Assert.java:111)
	at org.testng.Assert.assertNotNull(Assert.java:1484)
	at org.testng.Assert.assertNotNull(Assert.java:1468)
	at ru.mai.lessons.rpks.impl.BracketsDetectorTest.testPositiveCheckMagicBracketsRules(BracketsDetectorTest.java:259)
	at java.base/jdk.internal.reflect.DirectMethodHandleAccessor.invoke(DirectMethodHandleAccessor.java:103)
	at java.base/java.lang.reflect.Method.invoke(Method.java:580)
	at org.testng.internal.invokers.MethodInvocationHelper.invokeMethod(MethodInvocationHelper.java:139)
	at org.testng.internal.invokers.TestInvoker.invokeMethod(TestInvoker.java:664)
	at org.testng.internal.invokers.TestInvoker.invokeTestMethod(TestInvoker.java:227)
	at org.testng.internal.invokers.MethodRunner.runInSequence(MethodRunner.java:50)
	at org.testng.internal.invokers.TestInvoker$MethodInvocationAgent.invoke(TestInvoker.java:957)
	at org.testng.internal.invokers.TestInvoker.invokeTestMethods(TestInvoker.java:200)
	at org.testng.internal.invokers.TestMethodWorker.invokeTestMethods(TestMethodWorker.java:148)
	at org.testng.internal.invokers.TestMethodWorker.run(TestMethodWorker.java:128)
	at java.base/java.util.ArrayList.forEach(ArrayList.java:1597)
	at org.testng.TestRunner.privateRun(TestRunner.java:848)
	at org.testng.TestRunner.run(TestRunner.java:621)
	at org.testng.SuiteRunner.runTest(SuiteRunner.java:443)
	at org.testng.SuiteRunner.runSequentially(SuiteRunner.java:437)
	at org.testng.SuiteRunner.privateRun(SuiteRunner.java:397)
	at org.testng.SuiteRunner.run(SuiteRunner.java:336)
	at org.testng.SuiteRunnerWorker.runSuite(SuiteRunnerWorker.java:52)
	at org.testng.SuiteRunnerWorker.run(SuiteRunnerWorker.java:95)
	at org.testng.TestNG.runSuitesSequentially(TestNG.java:1280)
	at org.testng.TestNG.runSuitesLocally(TestNG.java:1200)
	at org.testng.TestNG.runSuites(TestNG.java:1114)
	at org.testng.TestNG.run(TestNG.java:1082)
	at org.apache.maven.surefire.testng.TestNGExecutor.run(TestNGExecutor.java:155)
	at org.apache.maven.surefire.testng.TestNGDirectoryTestSuite.executeMulti(TestNGDirectoryTestSuite.java:169)
	at org.apache.maven.surefire.testng.TestNGDirectoryTestSuite.execute(TestNGDirectoryTestSuite.java:88)
	at org.apache.maven.surefire.testng.TestNGProvider.invoke(TestNGProvider.java:137)
	at org.apache.maven.surefire.booter.ForkedBooter.runSuitesInProcess(ForkedBooter.java:385)
	at org.apache.maven.surefire.booter.ForkedBooter.execute(ForkedBooter.java:162)
	at org.apache.maven.surefire.booter.ForkedBooter.run(ForkedBooter.java:507)
	at org.apache.maven.surefire.booter.ForkedBooter.main(ForkedBooter.java:495)
]]></failure>
  </testcase>
  <testcase name="testPositiveCheckSomeBracketsRules[{&#10;  &quot;bracket&quot;: [&#10;    {&#10;      &quot;left&quot;: &quot;[&quot;,&#10;      &quot;right&quot;: &quot;]&quot;&#10;    }&#10;  ]&#10;}&#10;, [[some(exe{1!|value|2?}jar)none], {| [[ (( |{ }| )) ]] |}, , [(|}], a[b-b]c, ab-b)c, a{b-bc, []}{|)(, {&#10;  &quot;bracket&quot;: [&#10;    {&#10;      &quot;left&quot;: &quot;[&quot;,&#10;      &quot;right&quot;: &quot;]&quot;&#10;    },&#10;    {&#10;      &quot;left&quot;: &quot;{&quot;,&#10;      &quot;right&quot;: &quot;}&quot;&#10;    },&#10;    {&#10;      &quot;left&quot;: &quot;(&quot;,&#10;      &quot;right&quot;: &quot;)&quot;&#10;    },&#10;    {&#10;      &quot;left&quot;: &quot;|&quot;,&#10;      &quot;right&quot;: &quot;|&quot;&#10;    }&#10;  ]&#10;}&#10;]](1)" classname="ru.mai.lessons.rpks.impl.BracketsDetectorTest" time="0.009">
    <failure message="expected object to not be null" type="java.lang.AssertionError"><![CDATA[java.lang.AssertionError: expected object to not be null
	at org.testng.Assert.fail(Assert.java:111)
	at org.testng.Assert.assertNotNull(Assert.java:1484)
	at org.testng.Assert.assertNotNull(Assert.java:1468)
	at ru.mai.lessons.rpks.impl.BracketsDetectorTest.testPositiveCheckSomeBracketsRules(BracketsDetectorTest.java:201)
	at java.base/jdk.internal.reflect.DirectMethodHandleAccessor.invoke(DirectMethodHandleAccessor.java:103)
	at java.base/java.lang.reflect.Method.invoke(Method.java:580)
	at org.testng.internal.invokers.MethodInvocationHelper.invokeMethod(MethodInvocationHelper.java:139)
	at org.testng.internal.invokers.TestInvoker.invokeMethod(TestInvoker.java:664)
	at org.testng.internal.invokers.TestInvoker.invokeTestMethod(TestInvoker.java:227)
	at org.testng.internal.invokers.TestMethodWithDataProviderMethodWorker.call(TestMethodWithDataProviderMethodWorker.java:80)
	at org.testng.internal.invokers.TestMethodWithDataProviderMethodWorker.call(TestMethodWithDataProviderMethodWorker.java:17)
	at java.base/java.util.concurrent.FutureTask.run(FutureTask.java:317)
	at java.base/java.util.concurrent.Executors$RunnableAdapter.call(Executors.java:572)
	at java.base/java.util.concurrent.FutureTask.run(FutureTask.java:317)
	at java.base/java.util.concurrent.ThreadPoolExecutor.runWorker(ThreadPoolExecutor.java:1144)
	at java.base/java.util.concurrent.ThreadPoolExecutor$Worker.run(ThreadPoolExecutor.java:642)
	at java.base/java.lang.Thread.run(Thread.java:1570)
]]></failure>
  </testcase>
  <testcase name="testPositiveCheckSomeBracketsRules[{&#10;  &quot;bracket&quot;: [&#10;    {&#10;      &quot;left&quot;: &quot;(&quot;,&#10;      &quot;right&quot;: &quot;)&quot;&#10;    }&#10;  ]&#10;}&#10;, [[some(exe{1!|value|2?}jar)none], {| [[ (( |{ }| )) ]] |}, , ([|}), a(b-b)c, ab-b]c, a{b-bc, ()}{|][, {&#10;  &quot;bracket&quot;: [&#10;    {&#10;      &quot;left&quot;: &quot;[&quot;,&#10;      &quot;right&quot;: &quot;]&quot;&#10;    },&#10;    {&#10;      &quot;left&quot;: &quot;{&quot;,&#10;      &quot;right&quot;: &quot;}&quot;&#10;    },&#10;    {&#10;      &quot;left&quot;: &quot;(&quot;,&#10;      &quot;right&quot;: &quot;)&quot;&#10;    },&#10;    {&#10;      &quot;left&quot;: &quot;|&quot;,&#10;      &quot;right&quot;: &quot;|&quot;&#10;    }&#10;  ]&#10;}&#10;]](2)" classname="ru.mai.lessons.rpks.impl.BracketsDetectorTest" time="0.007">
    <failure message="expected object to not be null" type="java.lang.AssertionError"><![CDATA[java.lang.AssertionError: expected object to not be null
	at org.testng.Assert.fail(Assert.java:111)
	at org.testng.Assert.assertNotNull(Assert.java:1484)
	at org.testng.Assert.assertNotNull(Assert.java:1468)
	at ru.mai.lessons.rpks.impl.BracketsDetectorTest.testPositiveCheckSomeBracketsRules(BracketsDetectorTest.java:201)
	at java.base/jdk.internal.reflect.DirectMethodHandleAccessor.invoke(DirectMethodHandleAccessor.java:103)
	at java.base/java.lang.reflect.Method.invoke(Method.java:580)
	at org.testng.internal.invokers.MethodInvocationHelper.invokeMethod(MethodInvocationHelper.java:139)
	at org.testng.internal.invokers.TestInvoker.invokeMethod(TestInvoker.java:664)
	at org.testng.internal.invokers.TestInvoker.invokeTestMethod(TestInvoker.java:227)
	at org.testng.internal.invokers.TestMethodWithDataProviderMethodWorker.call(TestMethodWithDataProviderMethodWorker.java:80)
	at org.testng.internal.invokers.TestMethodWithDataProviderMethodWorker.call(TestMethodWithDataProviderMethodWorker.java:17)
	at java.base/java.util.concurrent.FutureTask.run(FutureTask.java:317)
	at java.base/java.util.concurrent.Executors$RunnableAdapter.call(Executors.java:572)
	at java.base/java.util.concurrent.FutureTask.run(FutureTask.java:317)
	at java.base/java.util.concurrent.ThreadPoolExecutor.runWorker(ThreadPoolExecutor.java:1144)
	at java.base/java.util.concurrent.ThreadPoolExecutor$Worker.run(ThreadPoolExecutor.java:642)
	at java.base/java.lang.Thread.run(Thread.java:1570)
]]></failure>
  </testcase>
  <testcase name="testPositiveCheckSomeBracketsRules[{&#10;  &quot;bracket&quot;: [&#10;    {&#10;      &quot;left&quot;: &quot;{&quot;,&#10;      &quot;right&quot;: &quot;}&quot;&#10;    }&#10;  ]&#10;}&#10;, [[some(exe{1!|value|2?}jar)none], {| [[ (( |{ }| )) ]] |}, , {[|)}, a{b-b}c, ab-b]c, a(b-bc, {})(|][, {&#10;  &quot;bracket&quot;: [&#10;    {&#10;      &quot;left&quot;: &quot;[&quot;,&#10;      &quot;right&quot;: &quot;]&quot;&#10;    },&#10;    {&#10;      &quot;left&quot;: &quot;{&quot;,&#10;      &quot;right&quot;: &quot;}&quot;&#10;    },&#10;    {&#10;      &quot;left&quot;: &quot;(&quot;,&#10;      &quot;right&quot;: &quot;)&quot;&#10;    },&#10;    {&#10;      &quot;left&quot;: &quot;|&quot;,&#10;      &quot;right&quot;: &quot;|&quot;&#10;    }&#10;  ]&#10;}&#10;]](3)" classname="ru.mai.lessons.rpks.impl.BracketsDetectorTest" time="0.009">
    <failure message="expected object to not be null" type="java.lang.AssertionError"><![CDATA[java.lang.AssertionError: expected object to not be null
	at org.testng.Assert.fail(Assert.java:111)
	at org.testng.Assert.assertNotNull(Assert.java:1484)
	at org.testng.Assert.assertNotNull(Assert.java:1468)
	at ru.mai.lessons.rpks.impl.BracketsDetectorTest.testPositiveCheckSomeBracketsRules(BracketsDetectorTest.java:201)
	at java.base/jdk.internal.reflect.DirectMethodHandleAccessor.invoke(DirectMethodHandleAccessor.java:103)
	at java.base/java.lang.reflect.Method.invoke(Method.java:580)
	at org.testng.internal.invokers.MethodInvocationHelper.invokeMethod(MethodInvocationHelper.java:139)
	at org.testng.internal.invokers.TestInvoker.invokeMethod(TestInvoker.java:664)
	at org.testng.internal.invokers.TestInvoker.invokeTestMethod(TestInvoker.java:227)
	at org.testng.internal.invokers.TestMethodWithDataProviderMethodWorker.call(TestMethodWithDataProviderMethodWorker.java:80)
	at org.testng.internal.invokers.TestMethodWithDataProviderMethodWorker.call(TestMethodWithDataProviderMethodWorker.java:17)
	at java.base/java.util.concurrent.FutureTask.run(FutureTask.java:317)
	at java.base/java.util.concurrent.Executors$RunnableAdapter.call(Executors.java:572)
	at java.base/java.util.concurrent.FutureTask.run(FutureTask.java:317)
	at java.base/java.util.concurrent.ThreadPoolExecutor.runWorker(ThreadPoolExecutor.java:1144)
	at java.base/java.util.concurrent.ThreadPoolExecutor$Worker.run(ThreadPoolExecutor.java:642)
	at java.base/java.lang.Thread.run(Thread.java:1570)
]]></failure>
  </testcase>
  <testcase name="testPositiveCheckSomeBracketsRules[{&#10;  &quot;bracket&quot;: [&#10;    {&#10;      &quot;left&quot;: &quot;|&quot;,&#10;      &quot;right&quot;: &quot;|&quot;&#10;    }&#10;  ]&#10;}&#10;, [[some(exe{1!|value|2?}jar)none], {| [[ (( |{ }| )) ]] |}, , |[})|, a|b-b|c, ab-b]c, a(b-bc, ||)(}{][, {&#10;  &quot;bracket&quot;: [&#10;    {&#10;      &quot;left&quot;: &quot;[&quot;,&#10;      &quot;right&quot;: &quot;]&quot;&#10;    },&#10;    {&#10;      &quot;left&quot;: &quot;{&quot;,&#10;      &quot;right&quot;: &quot;}&quot;&#10;    },&#10;    {&#10;      &quot;left&quot;: &quot;(&quot;,&#10;      &quot;right&quot;: &quot;)&quot;&#10;    },&#10;    {&#10;      &quot;left&quot;: &quot;|&quot;,&#10;      &quot;right&quot;: &quot;|&quot;&#10;    }&#10;  ]&#10;}&#10;]](4)" classname="ru.mai.lessons.rpks.impl.BracketsDetectorTest" time="0.0">
    <failure message="expected object to not be null" type="java.lang.AssertionError"><![CDATA[java.lang.AssertionError: expected object to not be null
	at org.testng.Assert.fail(Assert.java:111)
	at org.testng.Assert.assertNotNull(Assert.java:1484)
	at org.testng.Assert.assertNotNull(Assert.java:1468)
	at ru.mai.lessons.rpks.impl.BracketsDetectorTest.testPositiveCheckSomeBracketsRules(BracketsDetectorTest.java:201)
	at java.base/jdk.internal.reflect.DirectMethodHandleAccessor.invoke(DirectMethodHandleAccessor.java:103)
	at java.base/java.lang.reflect.Method.invoke(Method.java:580)
	at org.testng.internal.invokers.MethodInvocationHelper.invokeMethod(MethodInvocationHelper.java:139)
	at org.testng.internal.invokers.TestInvoker.invokeMethod(TestInvoker.java:664)
	at org.testng.internal.invokers.TestInvoker.invokeTestMethod(TestInvoker.java:227)
	at org.testng.internal.invokers.TestMethodWithDataProviderMethodWorker.call(TestMethodWithDataProviderMethodWorker.java:80)
	at org.testng.internal.invokers.TestMethodWithDataProviderMethodWorker.call(TestMethodWithDataProviderMethodWorker.java:17)
	at java.base/java.util.concurrent.FutureTask.run(FutureTask.java:317)
	at java.base/java.util.concurrent.Executors$RunnableAdapter.call(Executors.java:572)
	at java.base/java.util.concurrent.FutureTask.run(FutureTask.java:317)
	at java.base/java.util.concurrent.ThreadPoolExecutor.runWorker(ThreadPoolExecutor.java:1144)
	at java.base/java.util.concurrent.ThreadPoolExecutor$Worker.run(ThreadPoolExecutor.java:642)
	at java.base/java.lang.Thread.run(Thread.java:1570)
]]></failure>
  </testcase>
  <testcase name="testPositiveCheckSomeBracketsRules[{&#10;  &quot;bracket&quot;: [&#10;    {&#10;      &quot;left&quot;: &quot;[&quot;,&#10;      &quot;right&quot;: &quot;]&quot;&#10;    },&#10;    {&#10;      &quot;left&quot;: &quot;{&quot;,&#10;      &quot;right&quot;: &quot;}&quot;&#10;    },&#10;    {&#10;      &quot;left&quot;: &quot;|&quot;,&#10;      &quot;right&quot;: &quot;|&quot;&#10;    }&#10;  ]&#10;}&#10;, [[some(one{1!|value|2?}jar))none]]](5)" classname="ru.mai.lessons.rpks.impl.BracketsDetectorTest" time="0.023">
    <failure message="expected object to not be null" type="java.lang.AssertionError"><![CDATA[java.lang.AssertionError: expected object to not be null
	at org.testng.Assert.fail(Assert.java:111)
	at org.testng.Assert.assertNotNull(Assert.java:1484)
	at org.testng.Assert.assertNotNull(Assert.java:1468)
	at ru.mai.lessons.rpks.impl.BracketsDetectorTest.testPositiveCheckSomeBracketsRules(BracketsDetectorTest.java:201)
	at java.base/jdk.internal.reflect.DirectMethodHandleAccessor.invoke(DirectMethodHandleAccessor.java:103)
	at java.base/java.lang.reflect.Method.invoke(Method.java:580)
	at org.testng.internal.invokers.MethodInvocationHelper.invokeMethod(MethodInvocationHelper.java:139)
	at org.testng.internal.invokers.TestInvoker.invokeMethod(TestInvoker.java:664)
	at org.testng.internal.invokers.TestInvoker.invokeTestMethod(TestInvoker.java:227)
	at org.testng.internal.invokers.TestMethodWithDataProviderMethodWorker.call(TestMethodWithDataProviderMethodWorker.java:80)
	at org.testng.internal.invokers.TestMethodWithDataProviderMethodWorker.call(TestMethodWithDataProviderMethodWorker.java:17)
	at java.base/java.util.concurrent.FutureTask.run(FutureTask.java:317)
	at java.base/java.util.concurrent.Executors$RunnableAdapter.call(Executors.java:572)
	at java.base/java.util.concurrent.FutureTask.run(FutureTask.java:317)
	at java.base/java.util.concurrent.ThreadPoolExecutor.runWorker(ThreadPoolExecutor.java:1144)
	at java.base/java.util.concurrent.ThreadPoolExecutor$Worker.run(ThreadPoolExecutor.java:642)
	at java.base/java.lang.Thread.run(Thread.java:1570)
]]></failure>
  </testcase>
  <testcase name="testNegativeLoadConfig[](1)" classname="ru.mai.lessons.rpks.impl.ConfigReaderTest" time="0.003">
    <failure message="&#10;Method ConfigReaderTest.testNegativeLoadConfig(java.lang.String)[pri:0, instance:ru.mai.lessons.rpks.impl.ConfigReaderTest@7b9a4292] should have thrown an exception of type class ru.mai.lessons.rpks.exception.FilenameShouldNotBeEmptyException" type="org.testng.TestException"><![CDATA[org.testng.TestException: 

Method ConfigReaderTest.testNegativeLoadConfig(java.lang.String)[pri:0, instance:ru.mai.lessons.rpks.impl.ConfigReaderTest@7b9a4292] should have thrown an exception of type class ru.mai.lessons.rpks.exception.FilenameShouldNotBeEmptyException
	at org.testng.internal.invokers.ExpectedExceptionsHolder.noException(ExpectedExceptionsHolder.java:81)
	at org.testng.internal.invokers.TestInvoker.considerExceptions(TestInvoker.java:860)
	at org.testng.internal.invokers.TestInvoker.invokeMethod(TestInvoker.java:718)
	at org.testng.internal.invokers.TestInvoker.invokeTestMethod(TestInvoker.java:227)
	at org.testng.internal.invokers.TestMethodWithDataProviderMethodWorker.call(TestMethodWithDataProviderMethodWorker.java:80)
	at org.testng.internal.invokers.TestMethodWithDataProviderMethodWorker.call(TestMethodWithDataProviderMethodWorker.java:17)
	at java.base/java.util.concurrent.FutureTask.run(FutureTask.java:317)
	at java.base/java.util.concurrent.Executors$RunnableAdapter.call(Executors.java:572)
	at java.base/java.util.concurrent.FutureTask.run(FutureTask.java:317)
	at java.base/java.util.concurrent.ThreadPoolExecutor.runWorker(ThreadPoolExecutor.java:1144)
	at java.base/java.util.concurrent.ThreadPoolExecutor$Worker.run(ThreadPoolExecutor.java:642)
	at java.base/java.lang.Thread.run(Thread.java:1570)
]]></failure>
  </testcase>
  <testcase name="testNegativeLoadConfig[null](2)" classname="ru.mai.lessons.rpks.impl.ConfigReaderTest" time="0.001">
    <failure message="&#10;Method ConfigReaderTest.testNegativeLoadConfig(java.lang.String)[pri:0, instance:ru.mai.lessons.rpks.impl.ConfigReaderTest@7b9a4292] should have thrown an exception of type class ru.mai.lessons.rpks.exception.FilenameShouldNotBeEmptyException" type="org.testng.TestException"><![CDATA[org.testng.TestException: 

Method ConfigReaderTest.testNegativeLoadConfig(java.lang.String)[pri:0, instance:ru.mai.lessons.rpks.impl.ConfigReaderTest@7b9a4292] should have thrown an exception of type class ru.mai.lessons.rpks.exception.FilenameShouldNotBeEmptyException
	at org.testng.internal.invokers.ExpectedExceptionsHolder.noException(ExpectedExceptionsHolder.java:81)
	at org.testng.internal.invokers.TestInvoker.considerExceptions(TestInvoker.java:860)
	at org.testng.internal.invokers.TestInvoker.invokeMethod(TestInvoker.java:718)
	at org.testng.internal.invokers.TestInvoker.invokeTestMethod(TestInvoker.java:227)
	at org.testng.internal.invokers.TestMethodWithDataProviderMethodWorker.call(TestMethodWithDataProviderMethodWorker.java:80)
	at org.testng.internal.invokers.TestMethodWithDataProviderMethodWorker.call(TestMethodWithDataProviderMethodWorker.java:17)
	at java.base/java.util.concurrent.FutureTask.run(FutureTask.java:317)
	at java.base/java.util.concurrent.Executors$RunnableAdapter.call(Executors.java:572)
	at java.base/java.util.concurrent.FutureTask.run(FutureTask.java:317)
	at java.base/java.util.concurrent.ThreadPoolExecutor.runWorker(ThreadPoolExecutor.java:1144)
	at java.base/java.util.concurrent.ThreadPoolExecutor$Worker.run(ThreadPoolExecutor.java:642)
	at java.base/java.lang.Thread.run(Thread.java:1570)
]]></failure>
  </testcase>
  <testcase name="testPositiveLoadConfig" classname="ru.mai.lessons.rpks.impl.ConfigReaderTest" time="0.007">
    <failure message="expected object to not be null" type="java.lang.AssertionError"><![CDATA[java.lang.AssertionError: expected object to not be null
	at org.testng.Assert.fail(Assert.java:111)
	at org.testng.Assert.assertNotNull(Assert.java:1484)
	at org.testng.Assert.assertNotNull(Assert.java:1468)
	at ru.mai.lessons.rpks.impl.ConfigReaderTest.testPositiveLoadConfig(ConfigReaderTest.java:56)
	at java.base/jdk.internal.reflect.DirectMethodHandleAccessor.invoke(DirectMethodHandleAccessor.java:103)
	at java.base/java.lang.reflect.Method.invoke(Method.java:580)
	at org.testng.internal.invokers.MethodInvocationHelper.invokeMethod(MethodInvocationHelper.java:139)
	at org.testng.internal.invokers.TestInvoker.invokeMethod(TestInvoker.java:664)
	at org.testng.internal.invokers.TestInvoker.invokeTestMethod(TestInvoker.java:227)
	at org.testng.internal.invokers.MethodRunner.runInSequence(MethodRunner.java:50)
	at org.testng.internal.invokers.TestInvoker$MethodInvocationAgent.invoke(TestInvoker.java:957)
	at org.testng.internal.invokers.TestInvoker.invokeTestMethods(TestInvoker.java:200)
	at org.testng.internal.invokers.TestMethodWorker.invokeTestMethods(TestMethodWorker.java:148)
	at org.testng.internal.invokers.TestMethodWorker.run(TestMethodWorker.java:128)
	at java.base/java.util.ArrayList.forEach(ArrayList.java:1597)
	at org.testng.TestRunner.privateRun(TestRunner.java:848)
	at org.testng.TestRunner.run(TestRunner.java:621)
	at org.testng.SuiteRunner.runTest(SuiteRunner.java:443)
	at org.testng.SuiteRunner.runSequentially(SuiteRunner.java:437)
	at org.testng.SuiteRunner.privateRun(SuiteRunner.java:397)
	at org.testng.SuiteRunner.run(SuiteRunner.java:336)
	at org.testng.SuiteRunnerWorker.runSuite(SuiteRunnerWorker.java:52)
	at org.testng.SuiteRunnerWorker.run(SuiteRunnerWorker.java:95)
	at org.testng.TestNG.runSuitesSequentially(TestNG.java:1280)
	at org.testng.TestNG.runSuitesLocally(TestNG.java:1200)
	at org.testng.TestNG.runSuites(TestNG.java:1114)
	at org.testng.TestNG.run(TestNG.java:1082)
	at org.apache.maven.surefire.testng.TestNGExecutor.run(TestNGExecutor.java:155)
	at org.apache.maven.surefire.testng.TestNGDirectoryTestSuite.executeMulti(TestNGDirectoryTestSuite.java:169)
	at org.apache.maven.surefire.testng.TestNGDirectoryTestSuite.execute(TestNGDirectoryTestSuite.java:88)
	at org.apache.maven.surefire.testng.TestNGProvider.invoke(TestNGProvider.java:137)
	at org.apache.maven.surefire.booter.ForkedBooter.runSuitesInProcess(ForkedBooter.java:385)
	at org.apache.maven.surefire.booter.ForkedBooter.execute(ForkedBooter.java:162)
	at org.apache.maven.surefire.booter.ForkedBooter.run(ForkedBooter.java:507)
	at org.apache.maven.surefire.booter.ForkedBooter.main(ForkedBooter.java:495)
]]></failure>
  </testcase>
  <testcase name="testNegativeLoadConfig[](1)" classname="ru.mai.lessons.rpks.impl.FileReaderTest" time="0.001"/>
  <testcase name="testNegativeLoadConfig[null](2)" classname="ru.mai.lessons.rpks.impl.FileReaderTest" time="0.002"/>
  <testcase name="testPositiveLoadContent[C:\Users\79257\IdeaProjects\JavaServiceBrackets\target\test-classes\multiple_lines.txt, [Hello, World!]](2)" classname="ru.mai.lessons.rpks.impl.FileReaderTest" time="0.0">
    <failure message="Illegal char &lt;:&gt; at index 20: src/test/resources/C:\Users\79257\IdeaProjects\JavaServiceBrackets\target\test-classes\multiple_lines.txt" type="java.nio.file.InvalidPathException"><![CDATA[java.nio.file.InvalidPathException: Illegal char <:> at index 20: src/test/resources/C:\Users\79257\IdeaProjects\JavaServiceBrackets\target\test-classes\multiple_lines.txt
	at java.base/sun.nio.fs.WindowsPathParser.normalize(WindowsPathParser.java:204)
	at java.base/sun.nio.fs.WindowsPathParser.parse(WindowsPathParser.java:175)
	at java.base/sun.nio.fs.WindowsPathParser.parse(WindowsPathParser.java:77)
	at java.base/sun.nio.fs.WindowsPath.parse(WindowsPath.java:92)
	at java.base/sun.nio.fs.WindowsFileSystem.getPath(WindowsFileSystem.java:231)
	at java.base/java.nio.file.Path.of(Path.java:148)
	at java.base/java.nio.file.Paths.get(Paths.java:69)
	at ru.mai.lessons.rpks.impl.FileReader.loadContent(FileReader.java:21)
	at ru.mai.lessons.rpks.impl.FileReaderTest.testPositiveLoadContent(FileReaderTest.java:42)
	at java.base/jdk.internal.reflect.DirectMethodHandleAccessor.invoke(DirectMethodHandleAccessor.java:103)
	at java.base/java.lang.reflect.Method.invoke(Method.java:580)
	at org.testng.internal.invokers.MethodInvocationHelper.invokeMethod(MethodInvocationHelper.java:139)
	at org.testng.internal.invokers.TestInvoker.invokeMethod(TestInvoker.java:664)
	at org.testng.internal.invokers.TestInvoker.invokeTestMethod(TestInvoker.java:227)
	at org.testng.internal.invokers.TestMethodWithDataProviderMethodWorker.call(TestMethodWithDataProviderMethodWorker.java:80)
	at org.testng.internal.invokers.TestMethodWithDataProviderMethodWorker.call(TestMethodWithDataProviderMethodWorker.java:17)
	at java.base/java.util.concurrent.FutureTask.run(FutureTask.java:317)
	at java.base/java.util.concurrent.Executors$RunnableAdapter.call(Executors.java:572)
	at java.base/java.util.concurrent.FutureTask.run(FutureTask.java:317)
	at java.base/java.util.concurrent.ThreadPoolExecutor.runWorker(ThreadPoolExecutor.java:1144)
	at java.base/java.util.concurrent.ThreadPoolExecutor$Worker.run(ThreadPoolExecutor.java:642)
	at java.base/java.lang.Thread.run(Thread.java:1570)
]]></failure>
  </testcase>
  <testcase name="testPositiveLoadContent[C:\Users\79257\IdeaProjects\JavaServiceBrackets\target\test-classes\single_line.txt, [Hello World!]](1)" classname="ru.mai.lessons.rpks.impl.FileReaderTest" time="0.001">
    <failure message="Illegal char &lt;:&gt; at index 20: src/test/resources/C:\Users\79257\IdeaProjects\JavaServiceBrackets\target\test-classes\single_line.txt" type="java.nio.file.InvalidPathException"><![CDATA[java.nio.file.InvalidPathException: Illegal char <:> at index 20: src/test/resources/C:\Users\79257\IdeaProjects\JavaServiceBrackets\target\test-classes\single_line.txt
	at java.base/sun.nio.fs.WindowsPathParser.normalize(WindowsPathParser.java:204)
	at java.base/sun.nio.fs.WindowsPathParser.parse(WindowsPathParser.java:175)
	at java.base/sun.nio.fs.WindowsPathParser.parse(WindowsPathParser.java:77)
	at java.base/sun.nio.fs.WindowsPath.parse(WindowsPath.java:92)
	at java.base/sun.nio.fs.WindowsFileSystem.getPath(WindowsFileSystem.java:231)
	at java.base/java.nio.file.Path.of(Path.java:148)
	at java.base/java.nio.file.Paths.get(Paths.java:69)
	at ru.mai.lessons.rpks.impl.FileReader.loadContent(FileReader.java:21)
	at ru.mai.lessons.rpks.impl.FileReaderTest.testPositiveLoadContent(FileReaderTest.java:42)
	at java.base/jdk.internal.reflect.DirectMethodHandleAccessor.invoke(DirectMethodHandleAccessor.java:103)
	at java.base/java.lang.reflect.Method.invoke(Method.java:580)
	at org.testng.internal.invokers.MethodInvocationHelper.invokeMethod(MethodInvocationHelper.java:139)
	at org.testng.internal.invokers.TestInvoker.invokeMethod(TestInvoker.java:664)
	at org.testng.internal.invokers.TestInvoker.invokeTestMethod(TestInvoker.java:227)
	at org.testng.internal.invokers.TestMethodWithDataProviderMethodWorker.call(TestMethodWithDataProviderMethodWorker.java:80)
	at org.testng.internal.invokers.TestMethodWithDataProviderMethodWorker.call(TestMethodWithDataProviderMethodWorker.java:17)
	at java.base/java.util.concurrent.FutureTask.run(FutureTask.java:317)
	at java.base/java.util.concurrent.Executors$RunnableAdapter.call(Executors.java:572)
	at java.base/java.util.concurrent.FutureTask.run(FutureTask.java:317)
	at java.base/java.util.concurrent.ThreadPoolExecutor.runWorker(ThreadPoolExecutor.java:1144)
	at java.base/java.util.concurrent.ThreadPoolExecutor$Worker.run(ThreadPoolExecutor.java:642)
	at java.base/java.lang.Thread.run(Thread.java:1570)
]]></failure>
  </testcase>
</testsuite>