<?xml version="1.0" encoding="UTF-8"?>
<testng-results ignored="0" total="17" passed="17" failed="0" skipped="0">
  <reporter-output>
  </reporter-output>
  <suite started-at="2024-11-17T23:45:56 MSK" name="Surefire suite" finished-at="2024-11-17T23:45:56 MSK" duration-ms="101">
    <groups>
    </groups>
    <test started-at="2024-11-17T23:45:56 MSK" name="Surefire test" finished-at="2024-11-17T23:45:56 MSK" duration-ms="101">
      <class name="ru.mai.lessons.rpks.impl.ConfigReaderTest">
        <test-method signature="testNegativeLoadConfig(java.lang.String)[pri:0, instance:ru.mai.lessons.rpks.impl.ConfigReaderTest@123ef382]" started-at="2024-11-17T23:45:56 MSK" name="testNegativeLoadConfig" description="Ожидаем ошибку при указании некорректного имени файла" data-provider="invalidFilename" finished-at="2024-11-17T23:45:56 MSK" duration-ms="1" status="PASS">
          <params>
            <param index="0">
              <value>
                <![CDATA[]]>
              </value>
            </param>
          </params>
          <exception class="ru.mai.lessons.rpks.exception.FilenameShouldNotBeEmptyException">
            <message>
              <![CDATA[File should not be empty]]>
            </message>
            <full-stacktrace>
              <![CDATA[ru.mai.lessons.rpks.exception.FilenameShouldNotBeEmptyException: File should not be empty
at ru.mai.lessons.rpks.impl.ConfigReader.loadConfig(ConfigReader.java:19)
at ru.mai.lessons.rpks.impl.ConfigReaderTest.testNegativeLoadConfig(ConfigReaderTest.java:71)
at java.base/jdk.internal.reflect.DirectMethodHandleAccessor.invoke(DirectMethodHandleAccessor.java:103)
at java.base/java.lang.reflect.Method.invoke(Method.java:580)
at org.testng.internal.invokers.MethodInvocationHelper.invokeMethod(MethodInvocationHelper.java:139)
at org.testng.internal.invokers.TestInvoker.invokeMethod(TestInvoker.java:664)
at org.testng.internal.invokers.TestInvoker.invokeTestMethod(TestInvoker.java:227)
at org.testng.internal.invokers.TestMethodWithDataProviderMethodWorker.call(TestMethodWithDataProviderMethodWorker.java:80)
at org.testng.internal.invokers.TestMethodWithDataProviderMethodWorker.call(TestMethodWithDataProviderMethodWorker.java:17)
at java.base/java.util.concurrent.FutureTask.run(FutureTask.java:317)
at java.base/java.util.concurrent.Executors$RunnableAdapter.call(Executors.java:572)
at java.base/java.util.concurrent.FutureTask.run(FutureTask.java:317)
at java.base/java.util.concurrent.ThreadPoolExecutor.runWorker(ThreadPoolExecutor.java:1144)
at java.base/java.util.concurrent.ThreadPoolExecutor$Worker.run(ThreadPoolExecutor.java:642)
at java.base/java.lang.Thread.run(Thread.java:1575)
]]>
            </full-stacktrace>
          </exception> <!-- ru.mai.lessons.rpks.exception.FilenameShouldNotBeEmptyException -->
          <reporter-output>
          </reporter-output>
        </test-method> <!-- testNegativeLoadConfig -->
        <test-method signature="testNegativeLoadConfig(java.lang.String)[pri:0, instance:ru.mai.lessons.rpks.impl.ConfigReaderTest@123ef382]" started-at="2024-11-17T23:45:56 MSK" name="testNegativeLoadConfig" description="Ожидаем ошибку при указании некорректного имени файла" data-provider="invalidFilename" finished-at="2024-11-17T23:45:56 MSK" duration-ms="1" status="PASS">
          <params>
            <param index="0">
              <value is-null="true"/>
            </param>
          </params>
          <exception class="ru.mai.lessons.rpks.exception.FilenameShouldNotBeEmptyException">
            <message>
              <![CDATA[File should not be empty]]>
            </message>
            <full-stacktrace>
              <![CDATA[ru.mai.lessons.rpks.exception.FilenameShouldNotBeEmptyException: File should not be empty
at ru.mai.lessons.rpks.impl.ConfigReader.loadConfig(ConfigReader.java:19)
at ru.mai.lessons.rpks.impl.ConfigReaderTest.testNegativeLoadConfig(ConfigReaderTest.java:71)
at java.base/jdk.internal.reflect.DirectMethodHandleAccessor.invoke(DirectMethodHandleAccessor.java:103)
at java.base/java.lang.reflect.Method.invoke(Method.java:580)
at org.testng.internal.invokers.MethodInvocationHelper.invokeMethod(MethodInvocationHelper.java:139)
at org.testng.internal.invokers.TestInvoker.invokeMethod(TestInvoker.java:664)
at org.testng.internal.invokers.TestInvoker.invokeTestMethod(TestInvoker.java:227)
at org.testng.internal.invokers.TestMethodWithDataProviderMethodWorker.call(TestMethodWithDataProviderMethodWorker.java:80)
at org.testng.internal.invokers.TestMethodWithDataProviderMethodWorker.call(TestMethodWithDataProviderMethodWorker.java:17)
at java.base/java.util.concurrent.FutureTask.run(FutureTask.java:317)
at java.base/java.util.concurrent.Executors$RunnableAdapter.call(Executors.java:572)
at java.base/java.util.concurrent.FutureTask.run(FutureTask.java:317)
at java.base/java.util.concurrent.ThreadPoolExecutor.runWorker(ThreadPoolExecutor.java:1144)
at java.base/java.util.concurrent.ThreadPoolExecutor$Worker.run(ThreadPoolExecutor.java:642)
at java.base/java.lang.Thread.run(Thread.java:1575)
]]>
            </full-stacktrace>
          </exception> <!-- ru.mai.lessons.rpks.exception.FilenameShouldNotBeEmptyException -->
          <reporter-output>
          </reporter-output>
        </test-method> <!-- testNegativeLoadConfig -->
        <test-method is-config="true" signature="setUp()[pri:0, instance:ru.mai.lessons.rpks.impl.ConfigReaderTest@123ef382]" started-at="2024-11-17T23:45:56 MSK" name="setUp" finished-at="2024-11-17T23:45:56 MSK" duration-ms="0" status="PASS">
          <reporter-output>
          </reporter-output>
        </test-method> <!-- setUp -->
        <test-method is-config="true" signature="setUp()[pri:0, instance:ru.mai.lessons.rpks.impl.ConfigReaderTest@123ef382]" started-at="2024-11-17T23:45:56 MSK" name="setUp" finished-at="2024-11-17T23:45:56 MSK" duration-ms="0" status="PASS">
          <reporter-output>
          </reporter-output>
        </test-method> <!-- setUp -->
        <test-method signature="testPositiveLoadConfig()[pri:0, instance:ru.mai.lessons.rpks.impl.ConfigReaderTest@123ef382]" started-at="2024-11-17T23:45:56 MSK" name="testPositiveLoadConfig" description="Успешное считывание содержимого конфигурационного файла" finished-at="2024-11-17T23:45:56 MSK" duration-ms="1" status="PASS">
          <reporter-output>
          </reporter-output>
        </test-method> <!-- testPositiveLoadConfig -->
        <test-method is-config="true" signature="setUp()[pri:0, instance:ru.mai.lessons.rpks.impl.ConfigReaderTest@123ef382]" started-at="2024-11-17T23:45:56 MSK" name="setUp" finished-at="2024-11-17T23:45:56 MSK" duration-ms="0" status="PASS">
          <reporter-output>
          </reporter-output>
        </test-method> <!-- setUp -->
      </class> <!-- ru.mai.lessons.rpks.impl.ConfigReaderTest -->
      <class name="ru.mai.lessons.rpks.impl.BracketsDetectorTest">
        <test-method is-config="true" signature="setUp()[pri:0, instance:ru.mai.lessons.rpks.impl.BracketsDetectorTest@1ddf84b8]" started-at="2024-11-17T23:45:56 MSK" name="setUp" finished-at="2024-11-17T23:45:56 MSK" duration-ms="2" status="PASS">
          <reporter-output>
          </reporter-output>
        </test-method> <!-- setUp -->
        <test-method is-config="true" signature="setUp()[pri:0, instance:ru.mai.lessons.rpks.impl.BracketsDetectorTest@1ddf84b8]" started-at="2024-11-17T23:45:56 MSK" name="setUp" finished-at="2024-11-17T23:45:56 MSK" duration-ms="2" status="PASS">
          <reporter-output>
          </reporter-output>
        </test-method> <!-- setUp -->
        <test-method signature="testNegativeCheckAllBracketsRules(java.util.List,java.util.List)[pri:0, instance:ru.mai.lessons.rpks.impl.BracketsDetectorTest@1ddf84b8]" started-at="2024-11-17T23:45:56 MSK" name="testNegativeCheckAllBracketsRules" description="Неуспешная проверка расстановки разных вариаций скобок. Ожидаем ошибки." data-provider="invalidContentForConfig" finished-at="2024-11-17T23:45:56 MSK" duration-ms="66" status="PASS">
          <params>
            <param index="0">
              <value>
                <![CDATA[[[some(one{1!|value|2?}jar))none], |abc(d)[e]f{g}, abc(d)[e]f{g}|, |abc(d[e]f{g}|, |abcd)[e]f{g}|, |abc(d)[e]f{g}|, |abc(d)e]f{g}|, |abc(d)[ef{g}|, |abc(d)[e]fg}|, |abc(d)[e]f{g|]]]>
              </value>
            </param>
            <param index="1">
              <value>
                <![CDATA[[ErrorLocationPoint{lineNumber=1, symbolNumber=27}, ErrorLocationPoint{lineNumber=2, symbolNumber=1}, ErrorLocationPoint{lineNumber=3, symbolNumber=14}, ErrorLocationPoint{lineNumber=4, symbolNumber=5}, ErrorLocationPoint{lineNumber=5, symbolNumber=6}, ErrorLocationPoint{lineNumber=7, symbolNumber=9}, ErrorLocationPoint{lineNumber=8, symbolNumber=8}, ErrorLocationPoint{lineNumber=9, symbolNumber=13}, ErrorLocationPoint{lineNumber=10, symbolNumber=12}]]]>
              </value>
            </param>
          </params>
          <reporter-output>
          </reporter-output>
        </test-method> <!-- testNegativeCheckAllBracketsRules -->
        <test-method signature="testNegativeCheckAllBracketsRules(java.util.List,java.util.List)[pri:0, instance:ru.mai.lessons.rpks.impl.BracketsDetectorTest@1ddf84b8]" started-at="2024-11-17T23:45:56 MSK" name="testNegativeCheckAllBracketsRules" description="Неуспешная проверка расстановки разных вариаций скобок. Ожидаем ошибки." data-provider="invalidContentForConfig" finished-at="2024-11-17T23:45:56 MSK" duration-ms="66" status="PASS">
          <params>
            <param index="0">
              <value>
                <![CDATA[[[some(one{1!|value|2?}jar))none]]]]>
              </value>
            </param>
            <param index="1">
              <value>
                <![CDATA[[ErrorLocationPoint{lineNumber=1, symbolNumber=27}]]]>
              </value>
            </param>
          </params>
          <reporter-output>
          </reporter-output>
        </test-method> <!-- testNegativeCheckAllBracketsRules -->
        <test-method signature="testNegativeCheckMagicBracketsRules()[pri:0, instance:ru.mai.lessons.rpks.impl.BracketsDetectorTest@1ddf84b8]" started-at="2024-11-17T23:45:56 MSK" name="testNegativeCheckMagicBracketsRules" description="Неуспешная проверка расстановки указанных в конфиге скобок. Ожидаем ошибки." finished-at="2024-11-17T23:45:56 MSK" duration-ms="1" status="PASS">
          <reporter-output>
          </reporter-output>
        </test-method> <!-- testNegativeCheckMagicBracketsRules -->
        <test-method is-config="true" signature="setUp()[pri:0, instance:ru.mai.lessons.rpks.impl.BracketsDetectorTest@1ddf84b8]" started-at="2024-11-17T23:45:56 MSK" name="setUp" finished-at="2024-11-17T23:45:56 MSK" duration-ms="0" status="PASS">
          <reporter-output>
          </reporter-output>
        </test-method> <!-- setUp -->
        <test-method signature="testPositiveCheckAllBracketsRules()[pri:0, instance:ru.mai.lessons.rpks.impl.BracketsDetectorTest@1ddf84b8]" started-at="2024-11-17T23:45:56 MSK" name="testPositiveCheckAllBracketsRules" description="Успешная проверка расстановки всех возможных скобок. Не должны найти ошибки." finished-at="2024-11-17T23:45:56 MSK" duration-ms="1" status="PASS">
          <reporter-output>
          </reporter-output>
        </test-method> <!-- testPositiveCheckAllBracketsRules -->
        <test-method is-config="true" signature="setUp()[pri:0, instance:ru.mai.lessons.rpks.impl.BracketsDetectorTest@1ddf84b8]" started-at="2024-11-17T23:45:56 MSK" name="setUp" finished-at="2024-11-17T23:45:56 MSK" duration-ms="0" status="PASS">
          <reporter-output>
          </reporter-output>
        </test-method> <!-- setUp -->
        <test-method signature="testPositiveCheckMagicBracketsRules()[pri:0, instance:ru.mai.lessons.rpks.impl.BracketsDetectorTest@1ddf84b8]" started-at="2024-11-17T23:45:56 MSK" name="testPositiveCheckMagicBracketsRules" description="Успешная проверка расстановки указанных в конфиге скобок. Не должны найти ошибки." finished-at="2024-11-17T23:45:56 MSK" duration-ms="0" status="PASS">
          <reporter-output>
          </reporter-output>
        </test-method> <!-- testPositiveCheckMagicBracketsRules -->
        <test-method is-config="true" signature="setUp()[pri:0, instance:ru.mai.lessons.rpks.impl.BracketsDetectorTest@1ddf84b8]" started-at="2024-11-17T23:45:56 MSK" name="setUp" finished-at="2024-11-17T23:45:56 MSK" duration-ms="0" status="PASS">
          <reporter-output>
          </reporter-output>
        </test-method> <!-- setUp -->
        <test-method signature="testPositiveCheckSomeBracketsRules(java.lang.String,java.util.List)[pri:0, instance:ru.mai.lessons.rpks.impl.BracketsDetectorTest@1ddf84b8]" started-at="2024-11-17T23:45:56 MSK" name="testPositiveCheckSomeBracketsRules" description="Успешная проверка расстановки разных вариаций скобок. Не должны найти ошибки." data-provider="validContentForConfig" finished-at="2024-11-17T23:45:56 MSK" duration-ms="1" status="PASS">
          <params>
            <param index="0">
              <value>
                <![CDATA[{
  "bracket": [
    {
      "left": "[",
      "right": "]"
    }
  ]
}
]]>
              </value>
            </param>
            <param index="1">
              <value>
                <![CDATA[[[some(exe{1!|value|2?}jar)none], {| [[ (( |{ }| )) ]] |}, , [(|}], a[b-b]c, ab-b)c, a{b-bc, []}{|)(, {
  "bracket": [
    {
      "left": "[",
      "right": "]"
    },
    {
      "left": "{",
      "right": "}"
    },
    {
      "left": "(",
      "right": ")"
    },
    {
      "left": "|",
      "right": "|"
    }
  ]
}
]]]>
              </value>
            </param>
          </params>
          <reporter-output>
          </reporter-output>
        </test-method> <!-- testPositiveCheckSomeBracketsRules -->
        <test-method signature="testPositiveCheckSomeBracketsRules(java.lang.String,java.util.List)[pri:0, instance:ru.mai.lessons.rpks.impl.BracketsDetectorTest@1ddf84b8]" started-at="2024-11-17T23:45:56 MSK" name="testPositiveCheckSomeBracketsRules" description="Успешная проверка расстановки разных вариаций скобок. Не должны найти ошибки." data-provider="validContentForConfig" finished-at="2024-11-17T23:45:56 MSK" duration-ms="1" status="PASS">
          <params>
            <param index="0">
              <value>
                <![CDATA[{
  "bracket": [
    {
      "left": "[",
      "right": "]"
    },
    {
      "left": "{",
      "right": "}"
    },
    {
      "left": "|",
      "right": "|"
    }
  ]
}
]]>
              </value>
            </param>
            <param index="1">
              <value>
                <![CDATA[[[some(one{1!|value|2?}jar))none]]]]>
              </value>
            </param>
          </params>
          <reporter-output>
          </reporter-output>
        </test-method> <!-- testPositiveCheckSomeBracketsRules -->
        <test-method signature="testPositiveCheckSomeBracketsRules(java.lang.String,java.util.List)[pri:0, instance:ru.mai.lessons.rpks.impl.BracketsDetectorTest@1ddf84b8]" started-at="2024-11-17T23:45:56 MSK" name="testPositiveCheckSomeBracketsRules" description="Успешная проверка расстановки разных вариаций скобок. Не должны найти ошибки." data-provider="validContentForConfig" finished-at="2024-11-17T23:45:56 MSK" duration-ms="2" status="PASS">
          <params>
            <param index="0">
              <value>
                <![CDATA[{
  "bracket": [
    {
      "left": "|",
      "right": "|"
    }
  ]
}
]]>
              </value>
            </param>
            <param index="1">
              <value>
                <![CDATA[[[some(exe{1!|value|2?}jar)none], {| [[ (( |{ }| )) ]] |}, , |[})|, a|b-b|c, ab-b]c, a(b-bc, ||)(}{][, {
  "bracket": [
    {
      "left": "[",
      "right": "]"
    },
    {
      "left": "{",
      "right": "}"
    },
    {
      "left": "(",
      "right": ")"
    },
    {
      "left": "|",
      "right": "|"
    }
  ]
}
]]]>
              </value>
            </param>
          </params>
          <reporter-output>
          </reporter-output>
        </test-method> <!-- testPositiveCheckSomeBracketsRules -->
        <test-method signature="testPositiveCheckSomeBracketsRules(java.lang.String,java.util.List)[pri:0, instance:ru.mai.lessons.rpks.impl.BracketsDetectorTest@1ddf84b8]" started-at="2024-11-17T23:45:56 MSK" name="testPositiveCheckSomeBracketsRules" description="Успешная проверка расстановки разных вариаций скобок. Не должны найти ошибки." data-provider="validContentForConfig" finished-at="2024-11-17T23:45:56 MSK" duration-ms="1" status="PASS">
          <params>
            <param index="0">
              <value>
                <![CDATA[{
  "bracket": [
    {
      "left": "(",
      "right": ")"
    }
  ]
}
]]>
              </value>
            </param>
            <param index="1">
              <value>
                <![CDATA[[[some(exe{1!|value|2?}jar)none], {| [[ (( |{ }| )) ]] |}, , ([|}), a(b-b)c, ab-b]c, a{b-bc, ()}{|][, {
  "bracket": [
    {
      "left": "[",
      "right": "]"
    },
    {
      "left": "{",
      "right": "}"
    },
    {
      "left": "(",
      "right": ")"
    },
    {
      "left": "|",
      "right": "|"
    }
  ]
}
]]]>
              </value>
            </param>
          </params>
          <reporter-output>
          </reporter-output>
        </test-method> <!-- testPositiveCheckSomeBracketsRules -->
        <test-method is-config="true" signature="setUp()[pri:0, instance:ru.mai.lessons.rpks.impl.BracketsDetectorTest@1ddf84b8]" started-at="2024-11-17T23:45:56 MSK" name="setUp" finished-at="2024-11-17T23:45:56 MSK" duration-ms="0" status="PASS">
          <reporter-output>
          </reporter-output>
        </test-method> <!-- setUp -->
        <test-method is-config="true" signature="setUp()[pri:0, instance:ru.mai.lessons.rpks.impl.BracketsDetectorTest@1ddf84b8]" started-at="2024-11-17T23:45:56 MSK" name="setUp" finished-at="2024-11-17T23:45:56 MSK" duration-ms="0" status="PASS">
          <reporter-output>
          </reporter-output>
        </test-method> <!-- setUp -->
        <test-method is-config="true" signature="setUp()[pri:0, instance:ru.mai.lessons.rpks.impl.BracketsDetectorTest@1ddf84b8]" started-at="2024-11-17T23:45:56 MSK" name="setUp" finished-at="2024-11-17T23:45:56 MSK" duration-ms="0" status="PASS">
          <reporter-output>
          </reporter-output>
        </test-method> <!-- setUp -->
        <test-method is-config="true" signature="setUp()[pri:0, instance:ru.mai.lessons.rpks.impl.BracketsDetectorTest@1ddf84b8]" started-at="2024-11-17T23:45:56 MSK" name="setUp" finished-at="2024-11-17T23:45:56 MSK" duration-ms="0" status="PASS">
          <reporter-output>
          </reporter-output>
        </test-method> <!-- setUp -->
        <test-method is-config="true" signature="setUp()[pri:0, instance:ru.mai.lessons.rpks.impl.BracketsDetectorTest@1ddf84b8]" started-at="2024-11-17T23:45:56 MSK" name="setUp" finished-at="2024-11-17T23:45:56 MSK" duration-ms="0" status="PASS">
          <reporter-output>
          </reporter-output>
        </test-method> <!-- setUp -->
        <test-method signature="testPositiveCheckSomeBracketsRules(java.lang.String,java.util.List)[pri:0, instance:ru.mai.lessons.rpks.impl.BracketsDetectorTest@1ddf84b8]" started-at="2024-11-17T23:45:56 MSK" name="testPositiveCheckSomeBracketsRules" description="Успешная проверка расстановки разных вариаций скобок. Не должны найти ошибки." data-provider="validContentForConfig" finished-at="2024-11-17T23:45:56 MSK" duration-ms="0" status="PASS">
          <params>
            <param index="0">
              <value>
                <![CDATA[{
  "bracket": [
    {
      "left": "{",
      "right": "}"
    }
  ]
}
]]>
              </value>
            </param>
            <param index="1">
              <value>
                <![CDATA[[[some(exe{1!|value|2?}jar)none], {| [[ (( |{ }| )) ]] |}, , {[|)}, a{b-b}c, ab-b]c, a(b-bc, {})(|][, {
  "bracket": [
    {
      "left": "[",
      "right": "]"
    },
    {
      "left": "{",
      "right": "}"
    },
    {
      "left": "(",
      "right": ")"
    },
    {
      "left": "|",
      "right": "|"
    }
  ]
}
]]]>
              </value>
            </param>
          </params>
          <reporter-output>
          </reporter-output>
        </test-method> <!-- testPositiveCheckSomeBracketsRules -->
      </class> <!-- ru.mai.lessons.rpks.impl.BracketsDetectorTest -->
      <class name="ru.mai.lessons.rpks.impl.FileReaderTest">
        <test-method signature="testNegativeLoadConfig(java.lang.String)[pri:0, instance:ru.mai.lessons.rpks.impl.FileReaderTest@f5ac9e4]" started-at="2024-11-17T23:45:56 MSK" name="testNegativeLoadConfig" description="Ожидаем ошибку при указании некорректного имени файла" data-provider="invalidFilename" finished-at="2024-11-17T23:45:56 MSK" duration-ms="1" status="PASS">
          <params>
            <param index="0">
              <value is-null="true"/>
            </param>
          </params>
          <exception class="ru.mai.lessons.rpks.exception.FilenameShouldNotBeEmptyException">
            <message>
              <![CDATA[File should not be empty]]>
            </message>
            <full-stacktrace>
              <![CDATA[ru.mai.lessons.rpks.exception.FilenameShouldNotBeEmptyException: File should not be empty
at ru.mai.lessons.rpks.impl.FileReader.loadContent(FileReader.java:22)
at ru.mai.lessons.rpks.impl.FileReaderTest.testNegativeLoadConfig(FileReaderTest.java:59)
at java.base/jdk.internal.reflect.DirectMethodHandleAccessor.invoke(DirectMethodHandleAccessor.java:103)
at java.base/java.lang.reflect.Method.invoke(Method.java:580)
at org.testng.internal.invokers.MethodInvocationHelper.invokeMethod(MethodInvocationHelper.java:139)
at org.testng.internal.invokers.TestInvoker.invokeMethod(TestInvoker.java:664)
at org.testng.internal.invokers.TestInvoker.invokeTestMethod(TestInvoker.java:227)
at org.testng.internal.invokers.TestMethodWithDataProviderMethodWorker.call(TestMethodWithDataProviderMethodWorker.java:80)
at org.testng.internal.invokers.TestMethodWithDataProviderMethodWorker.call(TestMethodWithDataProviderMethodWorker.java:17)
at java.base/java.util.concurrent.FutureTask.run(FutureTask.java:317)
at java.base/java.util.concurrent.Executors$RunnableAdapter.call(Executors.java:572)
at java.base/java.util.concurrent.FutureTask.run(FutureTask.java:317)
at java.base/java.util.concurrent.ThreadPoolExecutor.runWorker(ThreadPoolExecutor.java:1144)
at java.base/java.util.concurrent.ThreadPoolExecutor$Worker.run(ThreadPoolExecutor.java:642)
at java.base/java.lang.Thread.run(Thread.java:1575)
]]>
            </full-stacktrace>
          </exception> <!-- ru.mai.lessons.rpks.exception.FilenameShouldNotBeEmptyException -->
          <reporter-output>
          </reporter-output>
        </test-method> <!-- testNegativeLoadConfig -->
        <test-method signature="testNegativeLoadConfig(java.lang.String)[pri:0, instance:ru.mai.lessons.rpks.impl.FileReaderTest@f5ac9e4]" started-at="2024-11-17T23:45:56 MSK" name="testNegativeLoadConfig" description="Ожидаем ошибку при указании некорректного имени файла" data-provider="invalidFilename" finished-at="2024-11-17T23:45:56 MSK" duration-ms="1" status="PASS">
          <params>
            <param index="0">
              <value>
                <![CDATA[]]>
              </value>
            </param>
          </params>
          <exception class="ru.mai.lessons.rpks.exception.FilenameShouldNotBeEmptyException">
            <message>
              <![CDATA[File should not be empty]]>
            </message>
            <full-stacktrace>
              <![CDATA[ru.mai.lessons.rpks.exception.FilenameShouldNotBeEmptyException: File should not be empty
at ru.mai.lessons.rpks.impl.FileReader.loadContent(FileReader.java:22)
at ru.mai.lessons.rpks.impl.FileReaderTest.testNegativeLoadConfig(FileReaderTest.java:59)
at java.base/jdk.internal.reflect.DirectMethodHandleAccessor.invoke(DirectMethodHandleAccessor.java:103)
at java.base/java.lang.reflect.Method.invoke(Method.java:580)
at org.testng.internal.invokers.MethodInvocationHelper.invokeMethod(MethodInvocationHelper.java:139)
at org.testng.internal.invokers.TestInvoker.invokeMethod(TestInvoker.java:664)
at org.testng.internal.invokers.TestInvoker.invokeTestMethod(TestInvoker.java:227)
at org.testng.internal.invokers.TestMethodWithDataProviderMethodWorker.call(TestMethodWithDataProviderMethodWorker.java:80)
at org.testng.internal.invokers.TestMethodWithDataProviderMethodWorker.call(TestMethodWithDataProviderMethodWorker.java:17)
at java.base/java.util.concurrent.FutureTask.run(FutureTask.java:317)
at java.base/java.util.concurrent.Executors$RunnableAdapter.call(Executors.java:572)
at java.base/java.util.concurrent.FutureTask.run(FutureTask.java:317)
at java.base/java.util.concurrent.ThreadPoolExecutor.runWorker(ThreadPoolExecutor.java:1144)
at java.base/java.util.concurrent.ThreadPoolExecutor$Worker.run(ThreadPoolExecutor.java:642)
at java.base/java.lang.Thread.run(Thread.java:1575)
]]>
            </full-stacktrace>
          </exception> <!-- ru.mai.lessons.rpks.exception.FilenameShouldNotBeEmptyException -->
          <reporter-output>
          </reporter-output>
        </test-method> <!-- testNegativeLoadConfig -->
        <test-method is-config="true" signature="setUp()[pri:0, instance:ru.mai.lessons.rpks.impl.FileReaderTest@f5ac9e4]" started-at="2024-11-17T23:45:56 MSK" name="setUp" finished-at="2024-11-17T23:45:56 MSK" duration-ms="0" status="PASS">
          <reporter-output>
          </reporter-output>
        </test-method> <!-- setUp -->
        <test-method is-config="true" signature="setUp()[pri:0, instance:ru.mai.lessons.rpks.impl.FileReaderTest@f5ac9e4]" started-at="2024-11-17T23:45:56 MSK" name="setUp" finished-at="2024-11-17T23:45:56 MSK" duration-ms="0" status="PASS">
          <reporter-output>
          </reporter-output>
        </test-method> <!-- setUp -->
        <test-method signature="testPositiveLoadContent(java.lang.String,java.util.List)[pri:0, instance:ru.mai.lessons.rpks.impl.FileReaderTest@f5ac9e4]" started-at="2024-11-17T23:45:56 MSK" name="testPositiveLoadContent" description="Успешное считывание содержимого файла" data-provider="validCases" finished-at="2024-11-17T23:45:56 MSK" duration-ms="3" status="PASS">
          <params>
            <param index="0">
              <value>
                <![CDATA[single_line.txt]]>
              </value>
            </param>
            <param index="1">
              <value>
                <![CDATA[[Hello World!]]]>
              </value>
            </param>
          </params>
          <reporter-output>
          </reporter-output>
        </test-method> <!-- testPositiveLoadContent -->
        <test-method signature="testPositiveLoadContent(java.lang.String,java.util.List)[pri:0, instance:ru.mai.lessons.rpks.impl.FileReaderTest@f5ac9e4]" started-at="2024-11-17T23:45:56 MSK" name="testPositiveLoadContent" description="Успешное считывание содержимого файла" data-provider="validCases" finished-at="2024-11-17T23:45:56 MSK" duration-ms="3" status="PASS">
          <params>
            <param index="0">
              <value>
                <![CDATA[multiple_lines.txt]]>
              </value>
            </param>
            <param index="1">
              <value>
                <![CDATA[[Hello, World!]]]>
              </value>
            </param>
          </params>
          <reporter-output>
          </reporter-output>
        </test-method> <!-- testPositiveLoadContent -->
        <test-method is-config="true" signature="setUp()[pri:0, instance:ru.mai.lessons.rpks.impl.FileReaderTest@f5ac9e4]" started-at="2024-11-17T23:45:56 MSK" name="setUp" finished-at="2024-11-17T23:45:56 MSK" duration-ms="0" status="PASS">
          <reporter-output>
          </reporter-output>
        </test-method> <!-- setUp -->
        <test-method is-config="true" signature="setUp()[pri:0, instance:ru.mai.lessons.rpks.impl.FileReaderTest@f5ac9e4]" started-at="2024-11-17T23:45:56 MSK" name="setUp" finished-at="2024-11-17T23:45:56 MSK" duration-ms="0" status="PASS">
          <reporter-output>
          </reporter-output>
        </test-method> <!-- setUp -->
      </class> <!-- ru.mai.lessons.rpks.impl.FileReaderTest -->
    </test> <!-- Surefire test -->
  </suite> <!-- Surefire suite -->
</testng-results>
