<?xml version="1.0" encoding="UTF-8"?>
<testsuite xmlns:xsi="http://www.w3.org/2001/XMLSchema-instance" xsi:noNamespaceSchemaLocation="https://maven.apache.org/surefire/maven-surefire-plugin/xsd/surefire-test-report-3.0.xsd" version="3.0" name="ru.mai.lessons.rpks.impl.ConfigReaderTest" time="0.807" tests="3" errors="0" skipped="0" failures="0">
  <properties>
[...]
</properties>
  <testcase name="testNegativeLoadConfig[](2)" classname="ru.mai.lessons.rpks.impl.ConfigReaderTest" time="0.005"/>
  <testcase name="testNegativeLoadConfig[null](2)" classname="ru.mai.lessons.rpks.impl.ConfigReaderTest" time="0.006"/>
  <testcase name="testPositiveLoadConfig" classname="ru.mai.lessons.rpks.impl.ConfigReaderTest" time="0.012">
    <system-out><![CDATA[{
  "bracket": [
    {
      "left": "[",
      "right": "]"
    },
    {
      "left": "{",
      "right": "}"
    },
    {
      "left": "(",
      "right": ")"
    },
    {
      "left": "|",
      "right": "|"
    }
  ]
}

]]></system-out>
  </testcase>
</testsuite>