<?xml version="1.0" encoding="UTF-8"?>
<!-- Generated by org.testng.reporters.JUnitReportReporter -->
<testsuite hostname="192.168.1.7" failures="0" tests="3" name="ru.mai.lessons.rpks.impl.ConfigReaderTest" time="0.003" errors="0" timestamp="2024-11-17T23:45:56 MSK" skipped="0">
  <testcase classname="ru.mai.lessons.rpks.impl.ConfigReaderTest" name="testNegativeLoadConfig" time="0.001"/>
  <testcase classname="ru.mai.lessons.rpks.impl.ConfigReaderTest" name="testPositiveLoadConfig" time="0.001"/>
  <testcase classname="ru.mai.lessons.rpks.impl.ConfigReaderTest" name="testNegativeLoadConfig" time="0.001"/>
</testsuite> <!-- ru.mai.lessons.rpks.impl.ConfigReaderTest -->
