<?xml version="1.0" encoding="UTF-8"?>
<!-- Generated by org.testng.reporters.JUnitReportReporter -->
<testsuite hostname="192.168.1.7" failures="0" tests="4" name="ru.mai.lessons.rpks.impl.FileReaderTest" time="0.006" errors="0" timestamp="2024-11-17T23:56:09 MSK" skipped="0">
  <testcase classname="ru.mai.lessons.rpks.impl.FileReaderTest" name="testNegativeLoadConfig" time="0.001"/>
  <testcase classname="ru.mai.lessons.rpks.impl.FileReaderTest" name="testPositiveLoadContent" time="0.002"/>
  <testcase classname="ru.mai.lessons.rpks.impl.FileReaderTest" name="testNegativeLoadConfig" time="0.001"/>
  <testcase classname="ru.mai.lessons.rpks.impl.FileReaderTest" name="testPositiveLoadContent" time="0.002"/>
</testsuite> <!-- ru.mai.lessons.rpks.impl.FileReaderTest -->
