<?xml version="1.0" encoding="UTF-8"?>
<!-- Generated by org.testng.reporters.JUnitReportReporter -->
<testsuite hostname="192.168.1.7" failures="0" tests="10" name="ru.mai.lessons.rpks.impl.BracketsDetectorTest" time="0.134" errors="0" timestamp="2024-11-17T23:56:09 MSK" skipped="0">
  <testcase classname="ru.mai.lessons.rpks.impl.BracketsDetectorTest" name="testNegativeCheckAllBracketsRules" time="0.063"/>
  <testcase classname="ru.mai.lessons.rpks.impl.BracketsDetectorTest" name="testPositiveCheckMagicBracketsRules" time="0.000"/>
  <testcase classname="ru.mai.lessons.rpks.impl.BracketsDetectorTest" name="testPositiveCheckAllBracketsRules" time="0.002"/>
  <testcase classname="ru.mai.lessons.rpks.impl.BracketsDetectorTest" name="testPositiveCheckSomeBracketsRules" time="0.001"/>
  <testcase classname="ru.mai.lessons.rpks.impl.BracketsDetectorTest" name="testPositiveCheckSomeBracketsRules" time="0.001"/>
  <testcase classname="ru.mai.lessons.rpks.impl.BracketsDetectorTest" name="testNegativeCheckAllBracketsRules" time="0.061"/>
  <testcase classname="ru.mai.lessons.rpks.impl.BracketsDetectorTest" name="testPositiveCheckSomeBracketsRules" time="0.002"/>
  <testcase classname="ru.mai.lessons.rpks.impl.BracketsDetectorTest" name="testPositiveCheckSomeBracketsRules" time="0.002"/>
  <testcase classname="ru.mai.lessons.rpks.impl.BracketsDetectorTest" name="testPositiveCheckSomeBracketsRules" time="0.001"/>
  <testcase classname="ru.mai.lessons.rpks.impl.BracketsDetectorTest" name="testNegativeCheckMagicBracketsRules" time="0.001"/>
</testsuite> <!-- ru.mai.lessons.rpks.impl.BracketsDetectorTest -->
